<?xml version="1.0" encoding="UTF-8"?>
<testsuite xmlns:xsi="http://www.w3.org/2001/XMLSchema-instance" xsi:noNamespaceSchemaLocation="https://maven.apache.org/surefire/maven-surefire-plugin/xsd/surefire-test-report.xsd" version="3.0.2" name="com.talant.bootcamp.booksservice.controller.BookControllerTest" time="10.326" tests="21" errors="0" skipped="0" failures="0">
  <properties>
    <property name="java.specification.version" value="21"/>
    <property name="sun.cpu.isalist" value="amd64"/>
    <property name="sun.jnu.encoding" value="Cp1252"/>
    <property name="java.class.path" value="C:\Users\IrakliyMarsagishvili\OneDrive - talan.com\Desktop\Microservices bootcamp\Bootcamp Projects\hohohoho\target\test-classes;C:\Users\IrakliyMarsagishvili\OneDrive - talan.com\Desktop\Microservices bootcamp\Bootcamp Projects\hohohoho\target\classes;C:\Users\IrakliyMarsagishvili\.m2\repository\org\springframework\boot\spring-boot-starter-web\3.5.3\spring-boot-starter-web-3.5.3.jar;C:\Users\IrakliyMarsagishvili\.m2\repository\org\springframework\boot\spring-boot-starter\3.5.3\spring-boot-starter-3.5.3.jar;C:\Users\IrakliyMarsagishvili\.m2\repository\org\springframework\boot\spring-boot\3.5.3\spring-boot-3.5.3.jar;C:\Users\IrakliyMarsagishvili\.m2\repository\org\springframework\boot\spring-boot-autoconfigure\3.5.3\spring-boot-autoconfigure-3.5.3.jar;C:\Users\IrakliyMarsagishvili\.m2\repository\org\springframework\boot\spring-boot-starter-logging\3.5.3\spring-boot-starter-logging-3.5.3.jar;C:\Users\IrakliyMarsagishvili\.m2\repository\ch\qos\logback\logback-classic\1.5.18\logback-classic-1.5.18.jar;C:\Users\IrakliyMarsagishvili\.m2\repository\ch\qos\logback\logback-core\1.5.18\logback-core-1.5.18.jar;C:\Users\IrakliyMarsagishvili\.m2\repository\org\apache\logging\log4j\log4j-to-slf4j\2.24.3\log4j-to-slf4j-2.24.3.jar;C:\Users\IrakliyMarsagishvili\.m2\repository\org\apache\logging\log4j\log4j-api\2.24.3\log4j-api-2.24.3.jar;C:\Users\IrakliyMarsagishvili\.m2\repository\org\slf4j\jul-to-slf4j\2.0.17\jul-to-slf4j-2.0.17.jar;C:\Users\IrakliyMarsagishvili\.m2\repository\jakarta\annotation\jakarta.annotation-api\2.1.1\jakarta.annotation-api-2.1.1.jar;C:\Users\IrakliyMarsagishvili\.m2\repository\org\yaml\snakeyaml\2.4\snakeyaml-2.4.jar;C:\Users\IrakliyMarsagishvili\.m2\repository\org\springframework\boot\spring-boot-starter-json\3.5.3\spring-boot-starter-json-3.5.3.jar;C:\Users\IrakliyMarsagishvili\.m2\repository\com\fasterxml\jackson\core\jackson-databind\2.19.1\jackson-databind-2.19.1.jar;C:\Users\IrakliyMarsagishvili\.m2\repository\com\fasterxml\jackson\core\jackson-annotations\2.19.1\jackson-annotations-2.19.1.jar;C:\Users\IrakliyMarsagishvili\.m2\repository\com\fasterxml\jackson\core\jackson-core\2.19.1\jackson-core-2.19.1.jar;C:\Users\IrakliyMarsagishvili\.m2\repository\com\fasterxml\jackson\datatype\jackson-datatype-jdk8\2.19.1\jackson-datatype-jdk8-2.19.1.jar;C:\Users\IrakliyMarsagishvili\.m2\repository\com\fasterxml\jackson\datatype\jackson-datatype-jsr310\2.19.1\jackson-datatype-jsr310-2.19.1.jar;C:\Users\IrakliyMarsagishvili\.m2\repository\com\fasterxml\jackson\module\jackson-module-parameter-names\2.19.1\jackson-module-parameter-names-2.19.1.jar;C:\Users\IrakliyMarsagishvili\.m2\repository\org\springframework\boot\spring-boot-starter-tomcat\3.5.3\spring-boot-starter-tomcat-3.5.3.jar;C:\Users\IrakliyMarsagishvili\.m2\repository\org\apache\tomcat\embed\tomcat-embed-core\10.1.42\tomcat-embed-core-10.1.42.jar;C:\Users\IrakliyMarsagishvili\.m2\repository\org\apache\tomcat\embed\tomcat-embed-websocket\10.1.42\tomcat-embed-websocket-10.1.42.jar;C:\Users\IrakliyMarsagishvili\.m2\repository\org\springframework\spring-web\6.2.8\spring-web-6.2.8.jar;C:\Users\IrakliyMarsagishvili\.m2\repository\org\springframework\spring-beans\6.2.8\spring-beans-6.2.8.jar;C:\Users\IrakliyMarsagishvili\.m2\repository\io\micrometer\micrometer-observation\1.15.1\micrometer-observation-1.15.1.jar;C:\Users\IrakliyMarsagishvili\.m2\repository\io\micrometer\micrometer-commons\1.15.1\micrometer-commons-1.15.1.jar;C:\Users\IrakliyMarsagishvili\.m2\repository\org\springframework\spring-webmvc\6.2.8\spring-webmvc-6.2.8.jar;C:\Users\IrakliyMarsagishvili\.m2\repository\org\springframework\spring-aop\6.2.8\spring-aop-6.2.8.jar;C:\Users\IrakliyMarsagishvili\.m2\repository\org\springframework\spring-context\6.2.8\spring-context-6.2.8.jar;C:\Users\IrakliyMarsagishvili\.m2\repository\org\springframework\spring-expression\6.2.8\spring-expression-6.2.8.jar;C:\Users\IrakliyMarsagishvili\.m2\repository\org\springframework\boot\spring-boot-starter-data-jpa\3.5.3\spring-boot-starter-data-jpa-3.5.3.jar;C:\Users\IrakliyMarsagishvili\.m2\repository\org\springframework\boot\spring-boot-starter-jdbc\3.5.3\spring-boot-starter-jdbc-3.5.3.jar;C:\Users\IrakliyMarsagishvili\.m2\repository\com\zaxxer\HikariCP\6.3.0\HikariCP-6.3.0.jar;C:\Users\IrakliyMarsagishvili\.m2\repository\org\springframework\spring-jdbc\6.2.8\spring-jdbc-6.2.8.jar;C:\Users\IrakliyMarsagishvili\.m2\repository\org\hibernate\orm\hibernate-core\6.6.18.Final\hibernate-core-6.6.18.Final.jar;C:\Users\IrakliyMarsagishvili\.m2\repository\jakarta\persistence\jakarta.persistence-api\3.1.0\jakarta.persistence-api-3.1.0.jar;C:\Users\IrakliyMarsagishvili\.m2\repository\jakarta\transaction\jakarta.transaction-api\2.0.1\jakarta.transaction-api-2.0.1.jar;C:\Users\IrakliyMarsagishvili\.m2\repository\org\jboss\logging\jboss-logging\3.6.1.Final\jboss-logging-3.6.1.Final.jar;C:\Users\IrakliyMarsagishvili\.m2\repository\org\hibernate\common\hibernate-commons-annotations\7.0.3.Final\hibernate-commons-annotations-7.0.3.Final.jar;C:\Users\IrakliyMarsagishvili\.m2\repository\io\smallrye\jandex\3.2.0\jandex-3.2.0.jar;C:\Users\IrakliyMarsagishvili\.m2\repository\com\fasterxml\classmate\1.7.0\classmate-1.7.0.jar;C:\Users\IrakliyMarsagishvili\.m2\repository\org\glassfish\jaxb\jaxb-runtime\4.0.5\jaxb-runtime-4.0.5.jar;C:\Users\IrakliyMarsagishvili\.m2\repository\org\glassfish\jaxb\jaxb-core\4.0.5\jaxb-core-4.0.5.jar;C:\Users\IrakliyMarsagishvili\.m2\repository\org\eclipse\angus\angus-activation\2.0.2\angus-activation-2.0.2.jar;C:\Users\IrakliyMarsagishvili\.m2\repository\org\glassfish\jaxb\txw2\4.0.5\txw2-4.0.5.jar;C:\Users\IrakliyMarsagishvili\.m2\repository\com\sun\istack\istack-commons-runtime\4.1.2\istack-commons-runtime-4.1.2.jar;C:\Users\IrakliyMarsagishvili\.m2\repository\jakarta\inject\jakarta.inject-api\2.0.1\jakarta.inject-api-2.0.1.jar;C:\Users\IrakliyMarsagishvili\.m2\repository\org\antlr\antlr4-runtime\4.13.0\antlr4-runtime-4.13.0.jar;C:\Users\IrakliyMarsagishvili\.m2\repository\org\springframework\data\spring-data-jpa\3.5.1\spring-data-jpa-3.5.1.jar;C:\Users\IrakliyMarsagishvili\.m2\repository\org\springframework\data\spring-data-commons\3.5.1\spring-data-commons-3.5.1.jar;C:\Users\IrakliyMarsagishvili\.m2\repository\org\springframework\spring-orm\6.2.8\spring-orm-6.2.8.jar;C:\Users\IrakliyMarsagishvili\.m2\repository\org\springframework\spring-tx\6.2.8\spring-tx-6.2.8.jar;C:\Users\IrakliyMarsagishvili\.m2\repository\org\slf4j\slf4j-api\2.0.17\slf4j-api-2.0.17.jar;C:\Users\IrakliyMarsagishvili\.m2\repository\org\springframework\spring-aspects\6.2.8\spring-aspects-6.2.8.jar;C:\Users\IrakliyMarsagishvili\.m2\repository\org\aspectj\aspectjweaver\1.9.24\aspectjweaver-1.9.24.jar;C:\Users\IrakliyMarsagishvili\.m2\repository\org\springframework\boot\spring-boot-starter-validation\3.5.3\spring-boot-starter-validation-3.5.3.jar;C:\Users\IrakliyMarsagishvili\.m2\repository\org\apache\tomcat\embed\tomcat-embed-el\10.1.42\tomcat-embed-el-10.1.42.jar;C:\Users\IrakliyMarsagishvili\.m2\repository\org\hibernate\validator\hibernate-validator\8.0.2.Final\hibernate-validator-8.0.2.Final.jar;C:\Users\IrakliyMarsagishvili\.m2\repository\jakarta\validation\jakarta.validation-api\3.0.2\jakarta.validation-api-3.0.2.jar;C:\Users\IrakliyMarsagishvili\.m2\repository\com\h2database\h2\2.3.232\h2-2.3.232.jar;C:\Users\IrakliyMarsagishvili\.m2\repository\org\springframework\boot\spring-boot-starter-test\3.5.3\spring-boot-starter-test-3.5.3.jar;C:\Users\IrakliyMarsagishvili\.m2\repository\org\springframework\boot\spring-boot-test\3.5.3\spring-boot-test-3.5.3.jar;C:\Users\IrakliyMarsagishvili\.m2\repository\org\springframework\boot\spring-boot-test-autoconfigure\3.5.3\spring-boot-test-autoconfigure-3.5.3.jar;C:\Users\IrakliyMarsagishvili\.m2\repository\com\jayway\jsonpath\json-path\2.9.0\json-path-2.9.0.jar;C:\Users\IrakliyMarsagishvili\.m2\repository\jakarta\xml\bind\jakarta.xml.bind-api\4.0.2\jakarta.xml.bind-api-4.0.2.jar;C:\Users\IrakliyMarsagishvili\.m2\repository\jakarta\activation\jakarta.activation-api\2.1.3\jakarta.activation-api-2.1.3.jar;C:\Users\IrakliyMarsagishvili\.m2\repository\net\minidev\json-smart\2.5.2\json-smart-2.5.2.jar;C:\Users\IrakliyMarsagishvili\.m2\repository\net\minidev\accessors-smart\2.5.2\accessors-smart-2.5.2.jar;C:\Users\IrakliyMarsagishvili\.m2\repository\org\ow2\asm\asm\9.7.1\asm-9.7.1.jar;C:\Users\IrakliyMarsagishvili\.m2\repository\org\awaitility\awaitility\4.2.2\awaitility-4.2.2.jar;C:\Users\IrakliyMarsagishvili\.m2\repository\org\hamcrest\hamcrest\3.0\hamcrest-3.0.jar;C:\Users\IrakliyMarsagishvili\.m2\repository\org\junit\jupiter\junit-jupiter\5.12.2\junit-jupiter-5.12.2.jar;C:\Users\IrakliyMarsagishvili\.m2\repository\org\junit\jupiter\junit-jupiter-params\5.12.2\junit-jupiter-params-5.12.2.jar;C:\Users\IrakliyMarsagishvili\.m2\repository\org\junit\jupiter\junit-jupiter-engine\5.12.2\junit-jupiter-engine-5.12.2.jar;C:\Users\IrakliyMarsagishvili\.m2\repository\org\junit\platform\junit-platform-engine\1.12.2\junit-platform-engine-1.12.2.jar;C:\Users\IrakliyMarsagishvili\.m2\repository\org\skyscreamer\jsonassert\1.5.3\jsonassert-1.5.3.jar;C:\Users\IrakliyMarsagishvili\.m2\repository\com\vaadin\external\google\android-json\0.0.20131108.vaadin1\android-json-0.0.20131108.vaadin1.jar;C:\Users\IrakliyMarsagishvili\.m2\repository\org\springframework\spring-core\6.2.8\spring-core-6.2.8.jar;C:\Users\IrakliyMarsagishvili\.m2\repository\org\springframework\spring-jcl\6.2.8\spring-jcl-6.2.8.jar;C:\Users\IrakliyMarsagishvili\.m2\repository\org\springframework\spring-test\6.2.8\spring-test-6.2.8.jar;C:\Users\IrakliyMarsagishvili\.m2\repository\org\xmlunit\xmlunit-core\2.10.2\xmlunit-core-2.10.2.jar;C:\Users\IrakliyMarsagishvili\.m2\repository\org\assertj\assertj-core\3.27.3\assertj-core-3.27.3.jar;C:\Users\IrakliyMarsagishvili\.m2\repository\net\bytebuddy\byte-buddy\1.17.6\byte-buddy-1.17.6.jar;C:\Users\IrakliyMarsagishvili\.m2\repository\org\mockito\mockito-core\5.17.0\mockito-core-5.17.0.jar;C:\Users\IrakliyMarsagishvili\.m2\repository\net\bytebuddy\byte-buddy-agent\1.17.6\byte-buddy-agent-1.17.6.jar;C:\Users\IrakliyMarsagishvili\.m2\repository\org\objenesis\objenesis\3.3\objenesis-3.3.jar;C:\Users\IrakliyMarsagishvili\.m2\repository\org\mockito\mockito-junit-jupiter\5.17.0\mockito-junit-jupiter-5.17.0.jar;C:\Users\IrakliyMarsagishvili\.m2\repository\org\junit\jupiter\junit-jupiter-api\5.12.2\junit-jupiter-api-5.12.2.jar;C:\Users\IrakliyMarsagishvili\.m2\repository\org\opentest4j\opentest4j\1.3.0\opentest4j-1.3.0.jar;C:\Users\IrakliyMarsagishvili\.m2\repository\org\junit\platform\junit-platform-commons\1.12.2\junit-platform-commons-1.12.2.jar;C:\Users\IrakliyMarsagishvili\.m2\repository\org\apiguardian\apiguardian-api\1.1.2\apiguardian-api-1.1.2.jar;C:\Users\IrakliyMarsagishvili\.m2\repository\io\rest-assured\rest-assured\5.5.5\rest-assured-5.5.5.jar;C:\Users\IrakliyMarsagishvili\.m2\repository\org\apache\groovy\groovy\4.0.27\groovy-4.0.27.jar;C:\Users\IrakliyMarsagishvili\.m2\repository\org\apache\groovy\groovy-xml\4.0.27\groovy-xml-4.0.27.jar;C:\Users\IrakliyMarsagishvili\.m2\repository\org\apache\httpcomponents\httpclient\4.5.13\httpclient-4.5.13.jar;C:\Users\IrakliyMarsagishvili\.m2\repository\org\apache\httpcomponents\httpcore\4.4.16\httpcore-4.4.16.jar;C:\Users\IrakliyMarsagishvili\.m2\repository\commons-logging\commons-logging\1.2\commons-logging-1.2.jar;C:\Users\IrakliyMarsagishvili\.m2\repository\commons-codec\commons-codec\1.18.0\commons-codec-1.18.0.jar;C:\Users\IrakliyMarsagishvili\.m2\repository\org\apache\httpcomponents\httpmime\4.5.13\httpmime-4.5.13.jar;C:\Users\IrakliyMarsagishvili\.m2\repository\org\ccil\cowan\tagsoup\tagsoup\1.2.1\tagsoup-1.2.1.jar;C:\Users\IrakliyMarsagishvili\.m2\repository\io\rest-assured\json-path\5.5.5\json-path-5.5.5.jar;C:\Users\IrakliyMarsagishvili\.m2\repository\org\apache\groovy\groovy-json\4.0.27\groovy-json-4.0.27.jar;C:\Users\IrakliyMarsagishvili\.m2\repository\io\rest-assured\rest-assured-common\5.5.5\rest-assured-common-5.5.5.jar;C:\Users\IrakliyMarsagishvili\.m2\repository\io\rest-assured\xml-path\5.5.5\xml-path-5.5.5.jar;C:\Users\IrakliyMarsagishvili\.m2\repository\org\apache\commons\commons-lang3\3.17.0\commons-lang3-3.17.0.jar;"/>
    <property name="java.vm.vendor" value="Oracle Corporation"/>
    <property name="sun.arch.data.model" value="64"/>
    <property name="user.variant" value=""/>
    <property name="java.vendor.url" value="https://java.oracle.com/"/>
    <property name="user.timezone" value="Europe/Madrid"/>
    <property name="org.jboss.logging.provider" value="slf4j"/>
    <property name="user.country.format" value="NL"/>
    <property name="os.name" value="Windows 10"/>
    <property name="java.vm.specification.version" value="21"/>
    <property name="APPLICATION_NAME" value="demoservice"/>
    <property name="sun.java.launcher" value="SUN_STANDARD"/>
    <property name="user.country" value="US"/>
    <property name="sun.boot.library.path" value="C:\Program Files\Java\jdk-21\bin"/>
    <property name="sun.java.command" value="C:\Users\IrakliyMarsagishvili\AppData\Local\Temp\surefire9256014073350986589\surefirebooter-20250721110714619_3.jar C:\Users\IrakliyMarsagishvili\AppData\Local\Temp\surefire9256014073350986589 2025-07-21T11-07-14_418-jvmRun1 surefire-20250721110714619_1tmp surefire_0-20250721110714619_2tmp"/>
    <property name="jdk.debug" value="release"/>
    <property name="surefire.test.class.path" value="C:\Users\IrakliyMarsagishvili\OneDrive - talan.com\Desktop\Microservices bootcamp\Bootcamp Projects\hohohoho\target\test-classes;C:\Users\IrakliyMarsagishvili\OneDrive - talan.com\Desktop\Microservices bootcamp\Bootcamp Projects\hohohoho\target\classes;C:\Users\IrakliyMarsagishvili\.m2\repository\org\springframework\boot\spring-boot-starter-web\3.5.3\spring-boot-starter-web-3.5.3.jar;C:\Users\IrakliyMarsagishvili\.m2\repository\org\springframework\boot\spring-boot-starter\3.5.3\spring-boot-starter-3.5.3.jar;C:\Users\IrakliyMarsagishvili\.m2\repository\org\springframework\boot\spring-boot\3.5.3\spring-boot-3.5.3.jar;C:\Users\IrakliyMarsagishvili\.m2\repository\org\springframework\boot\spring-boot-autoconfigure\3.5.3\spring-boot-autoconfigure-3.5.3.jar;C:\Users\IrakliyMarsagishvili\.m2\repository\org\springframework\boot\spring-boot-starter-logging\3.5.3\spring-boot-starter-logging-3.5.3.jar;C:\Users\IrakliyMarsagishvili\.m2\repository\ch\qos\logback\logback-classic\1.5.18\logback-classic-1.5.18.jar;C:\Users\IrakliyMarsagishvili\.m2\repository\ch\qos\logback\logback-core\1.5.18\logback-core-1.5.18.jar;C:\Users\IrakliyMarsagishvili\.m2\repository\org\apache\logging\log4j\log4j-to-slf4j\2.24.3\log4j-to-slf4j-2.24.3.jar;C:\Users\IrakliyMarsagishvili\.m2\repository\org\apache\logging\log4j\log4j-api\2.24.3\log4j-api-2.24.3.jar;C:\Users\IrakliyMarsagishvili\.m2\repository\org\slf4j\jul-to-slf4j\2.0.17\jul-to-slf4j-2.0.17.jar;C:\Users\IrakliyMarsagishvili\.m2\repository\jakarta\annotation\jakarta.annotation-api\2.1.1\jakarta.annotation-api-2.1.1.jar;C:\Users\IrakliyMarsagishvili\.m2\repository\org\yaml\snakeyaml\2.4\snakeyaml-2.4.jar;C:\Users\IrakliyMarsagishvili\.m2\repository\org\springframework\boot\spring-boot-starter-json\3.5.3\spring-boot-starter-json-3.5.3.jar;C:\Users\IrakliyMarsagishvili\.m2\repository\com\fasterxml\jackson\core\jackson-databind\2.19.1\jackson-databind-2.19.1.jar;C:\Users\IrakliyMarsagishvili\.m2\repository\com\fasterxml\jackson\core\jackson-annotations\2.19.1\jackson-annotations-2.19.1.jar;C:\Users\IrakliyMarsagishvili\.m2\repository\com\fasterxml\jackson\core\jackson-core\2.19.1\jackson-core-2.19.1.jar;C:\Users\IrakliyMarsagishvili\.m2\repository\com\fasterxml\jackson\datatype\jackson-datatype-jdk8\2.19.1\jackson-datatype-jdk8-2.19.1.jar;C:\Users\IrakliyMarsagishvili\.m2\repository\com\fasterxml\jackson\datatype\jackson-datatype-jsr310\2.19.1\jackson-datatype-jsr310-2.19.1.jar;C:\Users\IrakliyMarsagishvili\.m2\repository\com\fasterxml\jackson\module\jackson-module-parameter-names\2.19.1\jackson-module-parameter-names-2.19.1.jar;C:\Users\IrakliyMarsagishvili\.m2\repository\org\springframework\boot\spring-boot-starter-tomcat\3.5.3\spring-boot-starter-tomcat-3.5.3.jar;C:\Users\IrakliyMarsagishvili\.m2\repository\org\apache\tomcat\embed\tomcat-embed-core\10.1.42\tomcat-embed-core-10.1.42.jar;C:\Users\IrakliyMarsagishvili\.m2\repository\org\apache\tomcat\embed\tomcat-embed-websocket\10.1.42\tomcat-embed-websocket-10.1.42.jar;C:\Users\IrakliyMarsagishvili\.m2\repository\org\springframework\spring-web\6.2.8\spring-web-6.2.8.jar;C:\Users\IrakliyMarsagishvili\.m2\repository\org\springframework\spring-beans\6.2.8\spring-beans-6.2.8.jar;C:\Users\IrakliyMarsagishvili\.m2\repository\io\micrometer\micrometer-observation\1.15.1\micrometer-observation-1.15.1.jar;C:\Users\IrakliyMarsagishvili\.m2\repository\io\micrometer\micrometer-commons\1.15.1\micrometer-commons-1.15.1.jar;C:\Users\IrakliyMarsagishvili\.m2\repository\org\springframework\spring-webmvc\6.2.8\spring-webmvc-6.2.8.jar;C:\Users\IrakliyMarsagishvili\.m2\repository\org\springframework\spring-aop\6.2.8\spring-aop-6.2.8.jar;C:\Users\IrakliyMarsagishvili\.m2\repository\org\springframework\spring-context\6.2.8\spring-context-6.2.8.jar;C:\Users\IrakliyMarsagishvili\.m2\repository\org\springframework\spring-expression\6.2.8\spring-expression-6.2.8.jar;C:\Users\IrakliyMarsagishvili\.m2\repository\org\springframework\boot\spring-boot-starter-data-jpa\3.5.3\spring-boot-starter-data-jpa-3.5.3.jar;C:\Users\IrakliyMarsagishvili\.m2\repository\org\springframework\boot\spring-boot-starter-jdbc\3.5.3\spring-boot-starter-jdbc-3.5.3.jar;C:\Users\IrakliyMarsagishvili\.m2\repository\com\zaxxer\HikariCP\6.3.0\HikariCP-6.3.0.jar;C:\Users\IrakliyMarsagishvili\.m2\repository\org\springframework\spring-jdbc\6.2.8\spring-jdbc-6.2.8.jar;C:\Users\IrakliyMarsagishvili\.m2\repository\org\hibernate\orm\hibernate-core\6.6.18.Final\hibernate-core-6.6.18.Final.jar;C:\Users\IrakliyMarsagishvili\.m2\repository\jakarta\persistence\jakarta.persistence-api\3.1.0\jakarta.persistence-api-3.1.0.jar;C:\Users\IrakliyMarsagishvili\.m2\repository\jakarta\transaction\jakarta.transaction-api\2.0.1\jakarta.transaction-api-2.0.1.jar;C:\Users\IrakliyMarsagishvili\.m2\repository\org\jboss\logging\jboss-logging\3.6.1.Final\jboss-logging-3.6.1.Final.jar;C:\Users\IrakliyMarsagishvili\.m2\repository\org\hibernate\common\hibernate-commons-annotations\7.0.3.Final\hibernate-commons-annotations-7.0.3.Final.jar;C:\Users\IrakliyMarsagishvili\.m2\repository\io\smallrye\jandex\3.2.0\jandex-3.2.0.jar;C:\Users\IrakliyMarsagishvili\.m2\repository\com\fasterxml\classmate\1.7.0\classmate-1.7.0.jar;C:\Users\IrakliyMarsagishvili\.m2\repository\org\glassfish\jaxb\jaxb-runtime\4.0.5\jaxb-runtime-4.0.5.jar;C:\Users\IrakliyMarsagishvili\.m2\repository\org\glassfish\jaxb\jaxb-core\4.0.5\jaxb-core-4.0.5.jar;C:\Users\IrakliyMarsagishvili\.m2\repository\org\eclipse\angus\angus-activation\2.0.2\angus-activation-2.0.2.jar;C:\Users\IrakliyMarsagishvili\.m2\repository\org\glassfish\jaxb\txw2\4.0.5\txw2-4.0.5.jar;C:\Users\IrakliyMarsagishvili\.m2\repository\com\sun\istack\istack-commons-runtime\4.1.2\istack-commons-runtime-4.1.2.jar;C:\Users\IrakliyMarsagishvili\.m2\repository\jakarta\inject\jakarta.inject-api\2.0.1\jakarta.inject-api-2.0.1.jar;C:\Users\IrakliyMarsagishvili\.m2\repository\org\antlr\antlr4-runtime\4.13.0\antlr4-runtime-4.13.0.jar;C:\Users\IrakliyMarsagishvili\.m2\repository\org\springframework\data\spring-data-jpa\3.5.1\spring-data-jpa-3.5.1.jar;C:\Users\IrakliyMarsagishvili\.m2\repository\org\springframework\data\spring-data-commons\3.5.1\spring-data-commons-3.5.1.jar;C:\Users\IrakliyMarsagishvili\.m2\repository\org\springframework\spring-orm\6.2.8\spring-orm-6.2.8.jar;C:\Users\IrakliyMarsagishvili\.m2\repository\org\springframework\spring-tx\6.2.8\spring-tx-6.2.8.jar;C:\Users\IrakliyMarsagishvili\.m2\repository\org\slf4j\slf4j-api\2.0.17\slf4j-api-2.0.17.jar;C:\Users\IrakliyMarsagishvili\.m2\repository\org\springframework\spring-aspects\6.2.8\spring-aspects-6.2.8.jar;C:\Users\IrakliyMarsagishvili\.m2\repository\org\aspectj\aspectjweaver\1.9.24\aspectjweaver-1.9.24.jar;C:\Users\IrakliyMarsagishvili\.m2\repository\org\springframework\boot\spring-boot-starter-validation\3.5.3\spring-boot-starter-validation-3.5.3.jar;C:\Users\IrakliyMarsagishvili\.m2\repository\org\apache\tomcat\embed\tomcat-embed-el\10.1.42\tomcat-embed-el-10.1.42.jar;C:\Users\IrakliyMarsagishvili\.m2\repository\org\hibernate\validator\hibernate-validator\8.0.2.Final\hibernate-validator-8.0.2.Final.jar;C:\Users\IrakliyMarsagishvili\.m2\repository\jakarta\validation\jakarta.validation-api\3.0.2\jakarta.validation-api-3.0.2.jar;C:\Users\IrakliyMarsagishvili\.m2\repository\com\h2database\h2\2.3.232\h2-2.3.232.jar;C:\Users\IrakliyMarsagishvili\.m2\repository\org\springframework\boot\spring-boot-starter-test\3.5.3\spring-boot-starter-test-3.5.3.jar;C:\Users\IrakliyMarsagishvili\.m2\repository\org\springframework\boot\spring-boot-test\3.5.3\spring-boot-test-3.5.3.jar;C:\Users\IrakliyMarsagishvili\.m2\repository\org\springframework\boot\spring-boot-test-autoconfigure\3.5.3\spring-boot-test-autoconfigure-3.5.3.jar;C:\Users\IrakliyMarsagishvili\.m2\repository\com\jayway\jsonpath\json-path\2.9.0\json-path-2.9.0.jar;C:\Users\IrakliyMarsagishvili\.m2\repository\jakarta\xml\bind\jakarta.xml.bind-api\4.0.2\jakarta.xml.bind-api-4.0.2.jar;C:\Users\IrakliyMarsagishvili\.m2\repository\jakarta\activation\jakarta.activation-api\2.1.3\jakarta.activation-api-2.1.3.jar;C:\Users\IrakliyMarsagishvili\.m2\repository\net\minidev\json-smart\2.5.2\json-smart-2.5.2.jar;C:\Users\IrakliyMarsagishvili\.m2\repository\net\minidev\accessors-smart\2.5.2\accessors-smart-2.5.2.jar;C:\Users\IrakliyMarsagishvili\.m2\repository\org\ow2\asm\asm\9.7.1\asm-9.7.1.jar;C:\Users\IrakliyMarsagishvili\.m2\repository\org\awaitility\awaitility\4.2.2\awaitility-4.2.2.jar;C:\Users\IrakliyMarsagishvili\.m2\repository\org\hamcrest\hamcrest\3.0\hamcrest-3.0.jar;C:\Users\IrakliyMarsagishvili\.m2\repository\org\junit\jupiter\junit-jupiter\5.12.2\junit-jupiter-5.12.2.jar;C:\Users\IrakliyMarsagishvili\.m2\repository\org\junit\jupiter\junit-jupiter-params\5.12.2\junit-jupiter-params-5.12.2.jar;C:\Users\IrakliyMarsagishvili\.m2\repository\org\junit\jupiter\junit-jupiter-engine\5.12.2\junit-jupiter-engine-5.12.2.jar;C:\Users\IrakliyMarsagishvili\.m2\repository\org\junit\platform\junit-platform-engine\1.12.2\junit-platform-engine-1.12.2.jar;C:\Users\IrakliyMarsagishvili\.m2\repository\org\skyscreamer\jsonassert\1.5.3\jsonassert-1.5.3.jar;C:\Users\IrakliyMarsagishvili\.m2\repository\com\vaadin\external\google\android-json\0.0.20131108.vaadin1\android-json-0.0.20131108.vaadin1.jar;C:\Users\IrakliyMarsagishvili\.m2\repository\org\springframework\spring-core\6.2.8\spring-core-6.2.8.jar;C:\Users\IrakliyMarsagishvili\.m2\repository\org\springframework\spring-jcl\6.2.8\spring-jcl-6.2.8.jar;C:\Users\IrakliyMarsagishvili\.m2\repository\org\springframework\spring-test\6.2.8\spring-test-6.2.8.jar;C:\Users\IrakliyMarsagishvili\.m2\repository\org\xmlunit\xmlunit-core\2.10.2\xmlunit-core-2.10.2.jar;C:\Users\IrakliyMarsagishvili\.m2\repository\org\assertj\assertj-core\3.27.3\assertj-core-3.27.3.jar;C:\Users\IrakliyMarsagishvili\.m2\repository\net\bytebuddy\byte-buddy\1.17.6\byte-buddy-1.17.6.jar;C:\Users\IrakliyMarsagishvili\.m2\repository\org\mockito\mockito-core\5.17.0\mockito-core-5.17.0.jar;C:\Users\IrakliyMarsagishvili\.m2\repository\net\bytebuddy\byte-buddy-agent\1.17.6\byte-buddy-agent-1.17.6.jar;C:\Users\IrakliyMarsagishvili\.m2\repository\org\objenesis\objenesis\3.3\objenesis-3.3.jar;C:\Users\IrakliyMarsagishvili\.m2\repository\org\mockito\mockito-junit-jupiter\5.17.0\mockito-junit-jupiter-5.17.0.jar;C:\Users\IrakliyMarsagishvili\.m2\repository\org\junit\jupiter\junit-jupiter-api\5.12.2\junit-jupiter-api-5.12.2.jar;C:\Users\IrakliyMarsagishvili\.m2\repository\org\opentest4j\opentest4j\1.3.0\opentest4j-1.3.0.jar;C:\Users\IrakliyMarsagishvili\.m2\repository\org\junit\platform\junit-platform-commons\1.12.2\junit-platform-commons-1.12.2.jar;C:\Users\IrakliyMarsagishvili\.m2\repository\org\apiguardian\apiguardian-api\1.1.2\apiguardian-api-1.1.2.jar;C:\Users\IrakliyMarsagishvili\.m2\repository\io\rest-assured\rest-assured\5.5.5\rest-assured-5.5.5.jar;C:\Users\IrakliyMarsagishvili\.m2\repository\org\apache\groovy\groovy\4.0.27\groovy-4.0.27.jar;C:\Users\IrakliyMarsagishvili\.m2\repository\org\apache\groovy\groovy-xml\4.0.27\groovy-xml-4.0.27.jar;C:\Users\IrakliyMarsagishvili\.m2\repository\org\apache\httpcomponents\httpclient\4.5.13\httpclient-4.5.13.jar;C:\Users\IrakliyMarsagishvili\.m2\repository\org\apache\httpcomponents\httpcore\4.4.16\httpcore-4.4.16.jar;C:\Users\IrakliyMarsagishvili\.m2\repository\commons-logging\commons-logging\1.2\commons-logging-1.2.jar;C:\Users\IrakliyMarsagishvili\.m2\repository\commons-codec\commons-codec\1.18.0\commons-codec-1.18.0.jar;C:\Users\IrakliyMarsagishvili\.m2\repository\org\apache\httpcomponents\httpmime\4.5.13\httpmime-4.5.13.jar;C:\Users\IrakliyMarsagishvili\.m2\repository\org\ccil\cowan\tagsoup\tagsoup\1.2.1\tagsoup-1.2.1.jar;C:\Users\IrakliyMarsagishvili\.m2\repository\io\rest-assured\json-path\5.5.5\json-path-5.5.5.jar;C:\Users\IrakliyMarsagishvili\.m2\repository\org\apache\groovy\groovy-json\4.0.27\groovy-json-4.0.27.jar;C:\Users\IrakliyMarsagishvili\.m2\repository\io\rest-assured\rest-assured-common\5.5.5\rest-assured-common-5.5.5.jar;C:\Users\IrakliyMarsagishvili\.m2\repository\io\rest-assured\xml-path\5.5.5\xml-path-5.5.5.jar;C:\Users\IrakliyMarsagishvili\.m2\repository\org\apache\commons\commons-lang3\3.17.0\commons-lang3-3.17.0.jar;"/>
    <property name="sun.cpu.endian" value="little"/>
    <property name="user.home" value="C:\Users\IrakliyMarsagishvili"/>
    <property name="user.language" value="en"/>
    <property name="java.specification.vendor" value="Oracle Corporation"/>
    <property name="java.version.date" value="2025-04-15"/>
    <property name="java.home" value="C:\Program Files\Java\jdk-21"/>
    <property name="file.separator" value="\"/>
    <property name="basedir" value="C:\Users\IrakliyMarsagishvili\OneDrive - talan.com\Desktop\Microservices bootcamp\Bootcamp Projects\hohohoho"/>
    <property name="java.vm.compressedOopsMode" value="Zero based"/>
    <property name="line.separator" value="&#10;"/>
    <property name="java.vm.specification.vendor" value="Oracle Corporation"/>
    <property name="java.specification.name" value="Java Platform API Specification"/>
    <property name="FILE_LOG_CHARSET" value="UTF-8"/>
    <property name="java.awt.headless" value="true"/>
    <property name="surefire.real.class.path" value="C:\Users\IrakliyMarsagishvili\AppData\Local\Temp\surefire9256014073350986589\surefirebooter-20250721110714619_3.jar"/>
    <property name="user.script" value=""/>
    <property name="sun.management.compiler" value="HotSpot 64-Bit Tiered Compilers"/>
    <property name="java.runtime.version" value="21.0.7+8-LTS-245"/>
    <property name="user.name" value="IrakliyMarsagishvili"/>
    <property name="stdout.encoding" value="Cp1252"/>
    <property name="path.separator" value=";"/>
    <property name="os.version" value="10.0"/>
    <property name="java.runtime.name" value="Java(TM) SE Runtime Environment"/>
    <property name="file.encoding" value="UTF-8"/>
    <property name="java.vm.name" value="Java HotSpot(TM) 64-Bit Server VM"/>
    <property name="localRepository" value="C:\Users\IrakliyMarsagishvili\.m2\repository"/>
    <property name="java.vendor.url.bug" value="https://bugreport.java.com/bugreport/"/>
    <property name="java.io.tmpdir" value="C:\Users\IRAKLI~1\AppData\Local\Temp\"/>
    <property name="java.version" value="21.0.7"/>
    <property name="user.dir" value="C:\Users\IrakliyMarsagishvili\OneDrive - talan.com\Desktop\Microservices bootcamp\Bootcamp Projects\hohohoho"/>
    <property name="os.arch" value="amd64"/>
    <property name="java.vm.specification.name" value="Java Virtual Machine Specification"/>
    <property name="PID" value="24292"/>
    <property name="sun.os.patch.level" value=""/>
    <property name="CONSOLE_LOG_CHARSET" value="UTF-8"/>
    <property name="native.encoding" value="Cp1252"/>
    <property name="java.library.path" value="C:\Program Files\Java\jdk-21\bin;C:\Windows\Sun\Java\bin;C:\Windows\system32;C:\Windows;C:\Program Files\Java\jdk-21\bin;C:\Program Files\Common Files\Oracle\Java\javapath;C:\Windows\system32;C:\Windows;C:\Windows\System32\Wbem;C:\Windows\System32\WindowsPowerShell\v1.0\;C:\Windows\System32\OpenSSH\;C:\Program Files\Docker\Docker\resources\bin;C:\Program Files\Spring Boot\spring-3.5.0\bin;C:\Program Files\Maven\apache-maven-3.9.10\bin;C:\Users\IrakliyMarsagishvili\AppData\Local\Microsoft\WindowsApps;C:\Users\IrakliyMarsagishvili\AppData\Local\Programs\Git\cmd;."/>
    <property name="java.vm.info" value="mixed mode, sharing"/>
    <property name="stderr.encoding" value="Cp1252"/>
    <property name="java.vendor" value="Oracle Corporation"/>
    <property name="java.vm.version" value="21.0.7+8-LTS-245"/>
    <property name="sun.io.unicode.encoding" value="UnicodeLittle"/>
    <property name="java.class.version" value="65.0"/>
    <property name="LOGGED_APPLICATION_NAME" value="[demoservice] "/>
  </properties>
  <testcase name="shouldGetBooksWithStock" classname="com.talant.bootcamp.booksservice.controller.BookControllerTest" time="0.724">
    <system-out><![CDATA[11:07:17.242 [main] INFO org.springframework.test.context.support.AnnotationConfigContextLoaderUtils -- Could not detect default configuration classes for test class [com.talant.bootcamp.booksservice.controller.BookControllerTest]: BookControllerTest does not declare any static, non-private, non-final, nested classes annotated with @Configuration.
11:07:17.918 [main] INFO org.springframework.boot.test.context.SpringBootTestContextBootstrapper -- Found @SpringBootConfiguration com.talant.bootcamp.booksservice.BooksserviceApplication for test class com.talant.bootcamp.booksservice.controller.BookControllerTest

  .   ____          _            __ _ _
 /\\ / ___'_ __ _ _(_)_ __  __ _ \ \ \ \
( ( )\___ | '_ | '_| | '_ \/ _` | \ \ \ \
 \\/  ___)| |_)| | | | | || (_| |  ) ) ) )
  '  |____| .__|_| |_|_| |_\__, | / / / /
 =========|_|==============|___/=/_/_/_/

 :: Spring Boot ::                (v3.5.3)

2025-07-21T11:07:19.474+02:00  INFO 24292 --- [demoservice] [           main] c.t.b.b.controller.BookControllerTest    : Starting BookControllerTest using Java 21.0.7 with PID 24292 (started by IrakliyMarsagishvili in C:\Users\IrakliyMarsagishvili\OneDrive - talan.com\Desktop\Microservices bootcamp\Bootcamp Projects\hohohoho)
2025-07-21T11:07:19.474+02:00  INFO 24292 --- [demoservice] [           main] c.t.b.b.controller.BookControllerTest    : No active profile set, falling back to 1 default profile: "default"
2025-07-21T11:07:20.130+02:00 DEBUG 24292 --- [demoservice] [           main] o.s.w.c.s.GenericWebApplicationContext   : Refreshing org.springframework.web.context.support.GenericWebApplicationContext@175581eb
2025-07-21T11:07:24.177+02:00 DEBUG 24292 --- [demoservice] [           main] s.w.s.m.m.a.RequestMappingHandlerMapping : 27 mappings in 'requestMappingHandlerMapping'
2025-07-21T11:07:24.461+02:00 DEBUG 24292 --- [demoservice] [           main] o.s.w.s.handler.SimpleUrlHandlerMapping  : Patterns [/webjars/**, /**] in 'resourceHandlerMapping'
2025-07-21T11:07:24.552+02:00 DEBUG 24292 --- [demoservice] [           main] s.w.s.m.m.a.RequestMappingHandlerAdapter : ControllerAdvice beans: 0 @ModelAttribute, 0 @InitBinder, 1 RequestBodyAdvice, 1 ResponseBodyAdvice
2025-07-21T11:07:24.736+02:00 DEBUG 24292 --- [demoservice] [           main] .m.m.a.ExceptionHandlerExceptionResolver : ControllerAdvice beans: 1 @ExceptionHandler, 1 ResponseBodyAdvice
2025-07-21T11:07:24.817+02:00  INFO 24292 --- [demoservice] [           main] o.s.b.t.m.w.SpringBootMockServletContext : Initializing Spring TestDispatcherServlet ''
2025-07-21T11:07:24.817+02:00  INFO 24292 --- [demoservice] [           main] o.s.t.web.servlet.TestDispatcherServlet  : Initializing Servlet ''
2025-07-21T11:07:24.832+02:00  INFO 24292 --- [demoservice] [           main] o.s.t.web.servlet.TestDispatcherServlet  : Completed initialization in 15 ms
2025-07-21T11:07:24.901+02:00  INFO 24292 --- [demoservice] [           main] c.t.b.b.controller.BookControllerTest    : Started BookControllerTest in 6.674 seconds (process running for 10.1)
2025-07-21T11:07:25.170+02:00 DEBUG 24292 --- [demoservice] [           main] s.w.s.m.m.a.RequestMappingHandlerMapping : Mapped to com.talant.bootcamp.booksservice.controller.BookController#getBooksWithStock()
2025-07-21T11:07:25.339+02:00 DEBUG 24292 --- [demoservice] [           main] o.s.w.s.m.m.a.HttpEntityMethodProcessor  : Using 'application/json', given [*/*] and supported [application/json, application/*+json]
2025-07-21T11:07:25.354+02:00 DEBUG 24292 --- [demoservice] [           main] o.s.w.s.m.m.a.HttpEntityMethodProcessor  : Writing [[BookResponse{id=1, title='Test Book', author='Test Author', isbn='1234567890', description='Test De (truncated)...]
]]></system-out>
    <system-err><![CDATA[Mockito is currently self-attaching to enable the inline-mock-maker. This will no longer work in future releases of the JDK. Please add Mockito as an agent to your build as described in Mockito's documentation: https://javadoc.io/doc/org.mockito/mockito-core/latest/org.mockito/org/mockito/Mockito.html#0.3
WARNING: A Java agent has been loaded dynamically (C:\Users\IrakliyMarsagishvili\.m2\repository\net\bytebuddy\byte-buddy-agent\1.17.6\byte-buddy-agent-1.17.6.jar)
WARNING: If a serviceability tool is in use, please run with -XX:+EnableDynamicAgentLoading to hide this warning
WARNING: If a serviceability tool is not in use, please run with -Djdk.instrument.traceUsage for more information
WARNING: Dynamic loading of agents will be disallowed by default in a future release
]]></system-err>
  </testcase>
  <testcase name="shouldUpdateBook" classname="com.talant.bootcamp.booksservice.controller.BookControllerTest" time="0.744">
    <system-out><![CDATA[2025-07-21T11:07:25.681+02:00 DEBUG 24292 --- [demoservice] [           main] s.w.s.m.m.a.RequestMappingHandlerMapping : Mapped to com.talant.bootcamp.booksservice.controller.BookController#updateBook(Long, BookRequest)
2025-07-21T11:07:25.840+02:00 DEBUG 24292 --- [demoservice] [           main] m.m.a.RequestResponseBodyMethodProcessor : Read "application/json;charset=UTF-8" to [BookRequest{title='Test Book', author='Test Author', isbn='1234567890', description='Test Descriptio (truncated)...]
2025-07-21T11:07:26.374+02:00 DEBUG 24292 --- [demoservice] [           main] o.s.w.s.m.m.a.HttpEntityMethodProcessor  : Using 'application/json', given [*/*] and supported [application/json, application/*+json]
2025-07-21T11:07:26.375+02:00 DEBUG 24292 --- [demoservice] [           main] o.s.w.s.m.m.a.HttpEntityMethodProcessor  : Writing [BookResponse{id=1, title='Test Book', author='Test Author', isbn='1234567890', description='Test Des (truncated)...]
]]></system-out>
  </testcase>
  <testcase name="shouldGetBooksByTitle" classname="com.talant.bootcamp.booksservice.controller.BookControllerTest" time="0.036">
    <system-out><![CDATA[2025-07-21T11:07:26.432+02:00 DEBUG 24292 --- [demoservice] [           main] s.w.s.m.m.a.RequestMappingHandlerMapping : Mapped to com.talant.bootcamp.booksservice.controller.BookController#getBooksByTitle(String)
2025-07-21T11:07:26.456+02:00 DEBUG 24292 --- [demoservice] [           main] o.s.w.s.m.m.a.HttpEntityMethodProcessor  : Using 'application/json', given [*/*] and supported [application/json, application/*+json]
2025-07-21T11:07:26.456+02:00 DEBUG 24292 --- [demoservice] [           main] o.s.w.s.m.m.a.HttpEntityMethodProcessor  : Writing [[BookResponse{id=1, title='Test Book', author='Test Author', isbn='1234567890', description='Test De (truncated)...]
]]></system-out>
  </testcase>
  <testcase name="shouldGetBooksByCategory" classname="com.talant.bootcamp.booksservice.controller.BookControllerTest" time="0.016">
    <system-out><![CDATA[2025-07-21T11:07:26.476+02:00 DEBUG 24292 --- [demoservice] [           main] s.w.s.m.m.a.RequestMappingHandlerMapping : Mapped to com.talant.bootcamp.booksservice.controller.BookController#getBooksByCategory(BookCategory)
2025-07-21T11:07:26.492+02:00 DEBUG 24292 --- [demoservice] [           main] o.s.w.s.m.m.a.HttpEntityMethodProcessor  : Using 'application/json', given [*/*] and supported [application/json, application/*+json]
2025-07-21T11:07:26.492+02:00 DEBUG 24292 --- [demoservice] [           main] o.s.w.s.m.m.a.HttpEntityMethodProcessor  : Writing [[BookResponse{id=1, title='Test Book', author='Test Author', isbn='1234567890', description='Test De (truncated)...]
]]></system-out>
  </testcase>
  <testcase name="shouldCheckIfBookExistsByIsbn" classname="com.talant.bootcamp.booksservice.controller.BookControllerTest" time="0.016">
    <system-out><![CDATA[2025-07-21T11:07:26.507+02:00 DEBUG 24292 --- [demoservice] [           main] s.w.s.m.m.a.RequestMappingHandlerMapping : Mapped to com.talant.bootcamp.booksservice.controller.BookController#existsByIsbn(String)
2025-07-21T11:07:26.523+02:00 DEBUG 24292 --- [demoservice] [           main] o.s.w.s.m.m.a.HttpEntityMethodProcessor  : Using 'application/json', given [*/*] and supported [application/json, application/*+json]
2025-07-21T11:07:26.523+02:00 DEBUG 24292 --- [demoservice] [           main] o.s.w.s.m.m.a.HttpEntityMethodProcessor  : Writing [true]
]]></system-out>
  </testcase>
  <testcase name="shouldValidatePositivePrice" classname="com.talant.bootcamp.booksservice.controller.BookControllerTest" time="0.107">
    <system-out><![CDATA[2025-07-21T11:07:26.573+02:00 DEBUG 24292 --- [demoservice] [           main] s.w.s.m.m.a.RequestMappingHandlerMapping : Mapped to com.talant.bootcamp.booksservice.controller.BookController#createBook(BookRequest)
2025-07-21T11:07:26.573+02:00 DEBUG 24292 --- [demoservice] [           main] m.m.a.RequestResponseBodyMethodProcessor : Read "application/json;charset=UTF-8" to [BookRequest{title='Test Book', author='Test Author', isbn='1234567890', description='Test Descriptio (truncated)...]
2025-07-21T11:07:26.623+02:00 DEBUG 24292 --- [demoservice] [           main] .m.m.a.ExceptionHandlerExceptionResolver : Using @ExceptionHandler com.talant.bootcamp.booksservice.exception.GlobalExceptionHandler#handleValidationExceptions(MethodArgumentNotValidException)
2025-07-21T11:07:26.623+02:00 DEBUG 24292 --- [demoservice] [           main] o.s.w.s.m.m.a.HttpEntityMethodProcessor  : Using 'application/json', given [*/*] and supported [application/json, application/*+json]
2025-07-21T11:07:26.623+02:00 DEBUG 24292 --- [demoservice] [           main] o.s.w.s.m.m.a.HttpEntityMethodProcessor  : Writing [com.talant.bootcamp.booksservice.exception.GlobalExceptionHandler$ErrorResponse@22c5c530]
2025-07-21T11:07:26.638+02:00 DEBUG 24292 --- [demoservice] [           main] .m.m.a.ExceptionHandlerExceptionResolver : Resolved [org.springframework.web.bind.MethodArgumentNotValidException: Validation failed for argument [0] in public org.springframework.http.ResponseEntity<com.talant.bootcamp.booksservice.dto.BookResponse> com.talant.bootcamp.booksservice.controller.BookController.createBook(com.talant.bootcamp.booksservice.dto.BookRequest): [Field error in object 'bookRequest' on field 'price': rejected value [-10.00]; codes [DecimalMin.bookRequest.price,DecimalMin.price,DecimalMin.java.math.BigDecimal,DecimalMin]; arguments [org.springframework.context.support.DefaultMessageSourceResolvable: codes [bookRequest.price,price]; arguments []; default message [price],false,0.0]; default message [Price must be greater than 0]] ]
]]></system-out>
  </testcase>
  <testcase name="shouldGetCategories" classname="com.talant.bootcamp.booksservice.controller.BookControllerTest" time="0.022">
    <system-out><![CDATA[2025-07-21T11:07:26.667+02:00 DEBUG 24292 --- [demoservice] [           main] s.w.s.m.m.a.RequestMappingHandlerMapping : Mapped to com.talant.bootcamp.booksservice.controller.BookController#getCategories()
2025-07-21T11:07:26.679+02:00 DEBUG 24292 --- [demoservice] [           main] o.s.w.s.m.m.a.HttpEntityMethodProcessor  : Using 'application/json', given [*/*] and supported [application/json, application/*+json]
2025-07-21T11:07:26.679+02:00 DEBUG 24292 --- [demoservice] [           main] o.s.w.s.m.m.a.HttpEntityMethodProcessor  : Writing [{Fiction, Non-Fiction, Science Fiction, Fantasy, Mystery, Thriller, Romance, Biography, History, Sci (truncated)...]
]]></system-out>
  </testcase>
  <testcase name="shouldValidateNonNegativeStock" classname="com.talant.bootcamp.booksservice.controller.BookControllerTest" time="0.013">
    <system-out><![CDATA[2025-07-21T11:07:26.707+02:00 DEBUG 24292 --- [demoservice] [           main] s.w.s.m.m.a.RequestMappingHandlerMapping : Mapped to com.talant.bootcamp.booksservice.controller.BookController#createBook(BookRequest)
2025-07-21T11:07:26.707+02:00 DEBUG 24292 --- [demoservice] [           main] m.m.a.RequestResponseBodyMethodProcessor : Read "application/json;charset=UTF-8" to [BookRequest{title='Test Book', author='Test Author', isbn='1234567890', description='Test Descriptio (truncated)...]
2025-07-21T11:07:26.707+02:00 DEBUG 24292 --- [demoservice] [           main] .m.m.a.ExceptionHandlerExceptionResolver : Using @ExceptionHandler com.talant.bootcamp.booksservice.exception.GlobalExceptionHandler#handleValidationExceptions(MethodArgumentNotValidException)
2025-07-21T11:07:26.707+02:00 DEBUG 24292 --- [demoservice] [           main] o.s.w.s.m.m.a.HttpEntityMethodProcessor  : Using 'application/json', given [*/*] and supported [application/json, application/*+json]
2025-07-21T11:07:26.707+02:00 DEBUG 24292 --- [demoservice] [           main] o.s.w.s.m.m.a.HttpEntityMethodProcessor  : Writing [com.talant.bootcamp.booksservice.exception.GlobalExceptionHandler$ErrorResponse@675f9bc6]
2025-07-21T11:07:26.707+02:00 DEBUG 24292 --- [demoservice] [           main] .m.m.a.ExceptionHandlerExceptionResolver : Resolved [org.springframework.web.bind.MethodArgumentNotValidException: Validation failed for argument [0] in public org.springframework.http.ResponseEntity<com.talant.bootcamp.booksservice.dto.BookResponse> com.talant.bootcamp.booksservice.controller.BookController.createBook(com.talant.bootcamp.booksservice.dto.BookRequest): [Field error in object 'bookRequest' on field 'stock': rejected value [-5]; codes [Min.bookRequest.stock,Min.stock,Min.java.lang.Integer,Min]; arguments [org.springframework.context.support.DefaultMessageSourceResolvable: codes [bookRequest.stock,stock]; arguments []; default message [stock],0]; default message [Stock must be greater than 0]] ]
]]></system-out>
  </testcase>
  <testcase name="shouldGetBooksOutOfStock" classname="com.talant.bootcamp.booksservice.controller.BookControllerTest" time="0.02">
    <system-out><![CDATA[2025-07-21T11:07:26.727+02:00 DEBUG 24292 --- [demoservice] [           main] s.w.s.m.m.a.RequestMappingHandlerMapping : Mapped to com.talant.bootcamp.booksservice.controller.BookController#getBooksOutOfStock()
2025-07-21T11:07:26.727+02:00 DEBUG 24292 --- [demoservice] [           main] o.s.w.s.m.m.a.HttpEntityMethodProcessor  : Using 'application/json', given [*/*] and supported [application/json, application/*+json]
2025-07-21T11:07:26.727+02:00 DEBUG 24292 --- [demoservice] [           main] o.s.w.s.m.m.a.HttpEntityMethodProcessor  : Writing [[BookResponse{id=1, title='Test Book', author='Test Author', isbn='1234567890', description='Test De (truncated)...]
]]></system-out>
  </testcase>
  <testcase name="shouldUpdateStock" classname="com.talant.bootcamp.booksservice.controller.BookControllerTest" time="0.009">
    <system-out><![CDATA[2025-07-21T11:07:26.750+02:00 DEBUG 24292 --- [demoservice] [           main] s.w.s.m.m.a.RequestMappingHandlerMapping : Mapped to com.talant.bootcamp.booksservice.controller.BookController#updateStock(Long, Integer)
2025-07-21T11:07:26.751+02:00 DEBUG 24292 --- [demoservice] [           main] o.s.w.s.m.m.a.HttpEntityMethodProcessor  : Using 'application/json', given [*/*] and supported [application/json, application/*+json]
2025-07-21T11:07:26.751+02:00 DEBUG 24292 --- [demoservice] [           main] o.s.w.s.m.m.a.HttpEntityMethodProcessor  : Writing [BookResponse{id=1, title='Test Book', author='Test Author', isbn='1234567890', description='Test Des (truncated)...]
]]></system-out>
  </testcase>
  <testcase name="shouldCreateBook" classname="com.talant.bootcamp.booksservice.controller.BookControllerTest" time="0.026">
    <system-out><![CDATA[2025-07-21T11:07:26.777+02:00 DEBUG 24292 --- [demoservice] [           main] s.w.s.m.m.a.RequestMappingHandlerMapping : Mapped to com.talant.bootcamp.booksservice.controller.BookController#createBook(BookRequest)
2025-07-21T11:07:26.777+02:00 DEBUG 24292 --- [demoservice] [           main] m.m.a.RequestResponseBodyMethodProcessor : Read "application/json;charset=UTF-8" to [BookRequest{title='Test Book', author='Test Author', isbn='1234567890', description='Test Descriptio (truncated)...]
2025-07-21T11:07:26.777+02:00 DEBUG 24292 --- [demoservice] [           main] o.s.w.s.m.m.a.HttpEntityMethodProcessor  : Using 'application/json', given [*/*] and supported [application/json, application/*+json]
2025-07-21T11:07:26.777+02:00 DEBUG 24292 --- [demoservice] [           main] o.s.w.s.m.m.a.HttpEntityMethodProcessor  : Writing [BookResponse{id=1, title='Test Book', author='Test Author', isbn='1234567890', description='Test Des (truncated)...]
]]></system-out>
  </testcase>
  <testcase name="shouldGetAllBooks" classname="com.talant.bootcamp.booksservice.controller.BookControllerTest" time="0.016">
    <system-out><![CDATA[2025-07-21T11:07:26.793+02:00 DEBUG 24292 --- [demoservice] [           main] s.w.s.m.m.a.RequestMappingHandlerMapping : Mapped to com.talant.bootcamp.booksservice.controller.BookController#getAllBooks()
2025-07-21T11:07:26.793+02:00 DEBUG 24292 --- [demoservice] [           main] o.s.w.s.m.m.a.HttpEntityMethodProcessor  : Using 'application/json', given [*/*] and supported [application/json, application/*+json]
2025-07-21T11:07:26.793+02:00 DEBUG 24292 --- [demoservice] [           main] o.s.w.s.m.m.a.HttpEntityMethodProcessor  : Writing [[BookResponse{id=1, title='Test Book', author='Test Author', isbn='1234567890', description='Test De (truncated)...]
]]></system-out>
  </testcase>
  <testcase name="shouldGetBookByIsbn" classname="com.talant.bootcamp.booksservice.controller.BookControllerTest" time="0.016">
    <system-out><![CDATA[2025-07-21T11:07:26.809+02:00 DEBUG 24292 --- [demoservice] [           main] s.w.s.m.m.a.RequestMappingHandlerMapping : Mapped to com.talant.bootcamp.booksservice.controller.BookController#getBookByIsbn(String)
2025-07-21T11:07:26.809+02:00 DEBUG 24292 --- [demoservice] [           main] o.s.w.s.m.m.a.HttpEntityMethodProcessor  : Using 'application/json', given [*/*] and supported [application/json, application/*+json]
2025-07-21T11:07:26.809+02:00 DEBUG 24292 --- [demoservice] [           main] o.s.w.s.m.m.a.HttpEntityMethodProcessor  : Writing [BookResponse{id=1, title='Test Book', author='Test Author', isbn='1234567890', description='Test Des (truncated)...]
]]></system-out>
  </testcase>
  <testcase name="shouldGetBookById" classname="com.talant.bootcamp.booksservice.controller.BookControllerTest" time="0.016">
    <system-out><![CDATA[2025-07-21T11:07:26.824+02:00 DEBUG 24292 --- [demoservice] [           main] s.w.s.m.m.a.RequestMappingHandlerMapping : Mapped to com.talant.bootcamp.booksservice.controller.BookController#getBookById(Long)
2025-07-21T11:07:26.824+02:00 DEBUG 24292 --- [demoservice] [           main] o.s.w.s.m.m.a.HttpEntityMethodProcessor  : Using 'application/json', given [*/*] and supported [application/json, application/*+json]
2025-07-21T11:07:26.824+02:00 DEBUG 24292 --- [demoservice] [           main] o.s.w.s.m.m.a.HttpEntityMethodProcessor  : Writing [BookResponse{id=1, title='Test Book', author='Test Author', isbn='1234567890', description='Test Des (truncated)...]
]]></system-out>
  </testcase>
  <testcase name="shouldHandleDuplicateIsbnException" classname="com.talant.bootcamp.booksservice.controller.BookControllerTest" time="0.034">
    <system-out><![CDATA[2025-07-21T11:07:26.857+02:00 DEBUG 24292 --- [demoservice] [           main] s.w.s.m.m.a.RequestMappingHandlerMapping : Mapped to com.talant.bootcamp.booksservice.controller.BookController#createBook(BookRequest)
2025-07-21T11:07:26.857+02:00 DEBUG 24292 --- [demoservice] [           main] m.m.a.RequestResponseBodyMethodProcessor : Read "application/json;charset=UTF-8" to [BookRequest{title='Test Book', author='Test Author', isbn='1234567890', description='Test Descriptio (truncated)...]
2025-07-21T11:07:26.857+02:00 DEBUG 24292 --- [demoservice] [           main] .m.m.a.ExceptionHandlerExceptionResolver : Using @ExceptionHandler com.talant.bootcamp.booksservice.exception.GlobalExceptionHandler#handleDuplicateIsbnException(DuplicateIsbnException)
2025-07-21T11:07:26.857+02:00 DEBUG 24292 --- [demoservice] [           main] o.s.w.s.m.m.a.HttpEntityMethodProcessor  : Using 'application/json', given [*/*] and supported [application/json, application/*+json]
2025-07-21T11:07:26.857+02:00 DEBUG 24292 --- [demoservice] [           main] o.s.w.s.m.m.a.HttpEntityMethodProcessor  : Writing [com.talant.bootcamp.booksservice.exception.GlobalExceptionHandler$ErrorResponse@307f6602]
2025-07-21T11:07:26.857+02:00 DEBUG 24292 --- [demoservice] [           main] .m.m.a.ExceptionHandlerExceptionResolver : Resolved [com.talant.bootcamp.booksservice.exception.DuplicateIsbnException: A book with ISBN 1234567890 already exists]
]]></system-out>
  </testcase>
  <testcase name="shouldDeleteBook" classname="com.talant.bootcamp.booksservice.controller.BookControllerTest" time="0.015">
    <system-out><![CDATA[2025-07-21T11:07:26.874+02:00 DEBUG 24292 --- [demoservice] [           main] s.w.s.m.m.a.RequestMappingHandlerMapping : Mapped to com.talant.bootcamp.booksservice.controller.BookController#deleteBook(Long)
Deleting book with ID: 1
2025-07-21T11:07:26.874+02:00 DEBUG 24292 --- [demoservice] [           main] o.s.w.s.m.m.a.HttpEntityMethodProcessor  : Using 'application/json', given [*/*] and supported [application/json, application/*+json]
2025-07-21T11:07:26.874+02:00 DEBUG 24292 --- [demoservice] [           main] o.s.w.s.m.m.a.HttpEntityMethodProcessor  : Nothing to write: null body
]]></system-out>
  </testcase>
  <testcase name="shouldGetBooksByAuthor" classname="com.talant.bootcamp.booksservice.controller.BookControllerTest" time="0.016">
    <system-out><![CDATA[2025-07-21T11:07:26.889+02:00 DEBUG 24292 --- [demoservice] [           main] s.w.s.m.m.a.RequestMappingHandlerMapping : Mapped to com.talant.bootcamp.booksservice.controller.BookController#getBooksByAuthor(String)
2025-07-21T11:07:26.889+02:00 DEBUG 24292 --- [demoservice] [           main] o.s.w.s.m.m.a.HttpEntityMethodProcessor  : Using 'application/json', given [*/*] and supported [application/json, application/*+json]
2025-07-21T11:07:26.889+02:00 DEBUG 24292 --- [demoservice] [           main] o.s.w.s.m.m.a.HttpEntityMethodProcessor  : Writing [[BookResponse{id=1, title='Test Book', author='Test Author', isbn='1234567890', description='Test De (truncated)...]
]]></system-out>
  </testcase>
  <testcase name="shouldHandleBookNotFoundException" classname="com.talant.bootcamp.booksservice.controller.BookControllerTest" time="0.016">
    <system-out><![CDATA[2025-07-21T11:07:26.921+02:00 DEBUG 24292 --- [demoservice] [           main] s.w.s.m.m.a.RequestMappingHandlerMapping : Mapped to com.talant.bootcamp.booksservice.controller.BookController#getBookById(Long)
2025-07-21T11:07:26.921+02:00 DEBUG 24292 --- [demoservice] [           main] .m.m.a.ExceptionHandlerExceptionResolver : Using @ExceptionHandler com.talant.bootcamp.booksservice.exception.GlobalExceptionHandler#handleBookNotFoundException(BookNotFoundException)
2025-07-21T11:07:26.921+02:00 DEBUG 24292 --- [demoservice] [           main] o.s.w.s.m.m.a.HttpEntityMethodProcessor  : Using 'application/json', given [*/*] and supported [application/json, application/*+json]
2025-07-21T11:07:26.921+02:00 DEBUG 24292 --- [demoservice] [           main] o.s.w.s.m.m.a.HttpEntityMethodProcessor  : Writing [com.talant.bootcamp.booksservice.exception.GlobalExceptionHandler$ErrorResponse@a10d314]
2025-07-21T11:07:26.921+02:00 DEBUG 24292 --- [demoservice] [           main] .m.m.a.ExceptionHandlerExceptionResolver : Resolved [com.talant.bootcamp.booksservice.exception.BookNotFoundException: Book not found with ID: 999]
]]></system-out>
  </testcase>
  <testcase name="shouldValidateIsbnFormat" classname="com.talant.bootcamp.booksservice.controller.BookControllerTest" time="0.029">
    <system-out><![CDATA[2025-07-21T11:07:26.936+02:00 DEBUG 24292 --- [demoservice] [           main] s.w.s.m.m.a.RequestMappingHandlerMapping : Mapped to com.talant.bootcamp.booksservice.controller.BookController#createBook(BookRequest)
2025-07-21T11:07:26.936+02:00 DEBUG 24292 --- [demoservice] [           main] m.m.a.RequestResponseBodyMethodProcessor : Read "application/json;charset=UTF-8" to [BookRequest{title='Test Book', author='Test Author', isbn='invalid-isbn', description='Test Descript (truncated)...]
2025-07-21T11:07:26.936+02:00 DEBUG 24292 --- [demoservice] [           main] .m.m.a.ExceptionHandlerExceptionResolver : Using @ExceptionHandler com.talant.bootcamp.booksservice.exception.GlobalExceptionHandler#handleValidationExceptions(MethodArgumentNotValidException)
2025-07-21T11:07:26.936+02:00 DEBUG 24292 --- [demoservice] [           main] o.s.w.s.m.m.a.HttpEntityMethodProcessor  : Using 'application/json', given [*/*] and supported [application/json, application/*+json]
2025-07-21T11:07:26.936+02:00 DEBUG 24292 --- [demoservice] [           main] o.s.w.s.m.m.a.HttpEntityMethodProcessor  : Writing [com.talant.bootcamp.booksservice.exception.GlobalExceptionHandler$ErrorResponse@53a86a22]
2025-07-21T11:07:26.936+02:00 DEBUG 24292 --- [demoservice] [           main] .m.m.a.ExceptionHandlerExceptionResolver : Resolved [org.springframework.web.bind.MethodArgumentNotValidException: Validation failed for argument [0] in public org.springframework.http.ResponseEntity<com.talant.bootcamp.booksservice.dto.BookResponse> com.talant.bootcamp.booksservice.controller.BookController.createBook(com.talant.bootcamp.booksservice.dto.BookRequest): [Field error in object 'bookRequest' on field 'isbn': rejected value [invalid-isbn]; codes [Pattern.bookRequest.isbn,Pattern.isbn,Pattern.java.lang.String,Pattern]; arguments [org.springframework.context.support.DefaultMessageSourceResolvable: codes [bookRequest.isbn,isbn]; arguments []; default message [isbn],[Ljakarta.validation.constraints.Pattern$Flag;@27e7953b,^(?:[0-9]{10}|[0-9]{13})$]; default message [ISBN must be 10 or 13 digits]] ]
]]></system-out>
  </testcase>
  <testcase name="shouldSearchBooksByText" classname="com.talant.bootcamp.booksservice.controller.BookControllerTest" time="0.0">
    <system-out><![CDATA[2025-07-21T11:07:26.950+02:00 DEBUG 24292 --- [demoservice] [           main] s.w.s.m.m.a.RequestMappingHandlerMapping : Mapped to com.talant.bootcamp.booksservice.controller.BookController#searchBooks(String)
2025-07-21T11:07:26.950+02:00 DEBUG 24292 --- [demoservice] [           main] o.s.w.s.m.m.a.HttpEntityMethodProcessor  : Using 'application/json', given [*/*] and supported [application/json, application/*+json]
2025-07-21T11:07:26.950+02:00 DEBUG 24292 --- [demoservice] [           main] o.s.w.s.m.m.a.HttpEntityMethodProcessor  : Writing [[BookResponse{id=1, title='Test Book', author='Test Author', isbn='1234567890', description='Test De (truncated)...]
]]></system-out>
  </testcase>
  <testcase name="shouldValidateRequiredFields" classname="com.talant.bootcamp.booksservice.controller.BookControllerTest" time="0.034">
    <system-out><![CDATA[2025-07-21T11:07:26.968+02:00 DEBUG 24292 --- [demoservice] [           main] s.w.s.m.m.a.RequestMappingHandlerMapping : Mapped to com.talant.bootcamp.booksservice.controller.BookController#createBook(BookRequest)
2025-07-21T11:07:26.973+02:00 DEBUG 24292 --- [demoservice] [           main] m.m.a.RequestResponseBodyMethodProcessor : Read "application/json;charset=UTF-8" to [BookRequest{title='null', author='null', isbn='null', description='null', price=null, stock=null, ca (truncated)...]
2025-07-21T11:07:26.973+02:00 DEBUG 24292 --- [demoservice] [           main] .m.m.a.ExceptionHandlerExceptionResolver : Using @ExceptionHandler com.talant.bootcamp.booksservice.exception.GlobalExceptionHandler#handleValidationExceptions(MethodArgumentNotValidException)
2025-07-21T11:07:26.973+02:00 DEBUG 24292 --- [demoservice] [           main] o.s.w.s.m.m.a.HttpEntityMethodProcessor  : Using 'application/json', given [*/*] and supported [application/json, application/*+json]
2025-07-21T11:07:26.973+02:00 DEBUG 24292 --- [demoservice] [           main] o.s.w.s.m.m.a.HttpEntityMethodProcessor  : Writing [com.talant.bootcamp.booksservice.exception.GlobalExceptionHandler$ErrorResponse@27a18433]
2025-07-21T11:07:26.973+02:00 DEBUG 24292 --- [demoservice] [           main] .m.m.a.ExceptionHandlerExceptionResolver : Resolved [org.springframework.web.bind.MethodArgumentNotValidException: Validation failed for argument [0] in public org.springframework.http.ResponseEntity<com.talant.bootcamp.booksservice.dto.BookResponse> com.talant.bootcamp.booksservice.controller.BookController.createBook(com.talant.bootcamp.booksservice.dto.BookRequest) with 6 errors: [Field error in object 'bookRequest' on field 'title': rejected value [null]; codes [NotBlank.bookRequest.title,NotBlank.title,NotBlank.java.lang.String,NotBlank]; arguments [org.springframework.context.support.DefaultMessageSourceResolvable: codes [bookRequest.title,title]; arguments []; default message [title]]; default message [Title is required]] [Field error in object 'bookRequest' on field 'stock': rejected value [null]; codes [NotNull.bookRequest.stock,NotNull.stock,NotNull.java.lang.Integer,NotNull]; arguments [org.springframework.context.support.DefaultMessageSourceResolvable: codes [bookRequest.stock,stock]; arguments []; default message [stock]]; default message [Stock is required]] [Field error in object 'bookRequest' on field 'author': rejected value [null]; codes [NotBlank.bookRequest.author,NotBlank.author,NotBlank.java.lang.String,NotBlank]; arguments [org.springframework.context.support.DefaultMessageSourceResolvable: codes [bookRequest.author,author]; arguments []; default message [author]]; default message [Author is required]] [Field error in object 'bookRequest' on field 'category': rejected value [null]; codes [NotNull.bookRequest.category,NotNull.category,NotNull.com.talant.bootcamp.booksservice.model.BookCategory,NotNull]; arguments [org.springframework.context.support.DefaultMessageSourceResolvable: codes [bookRequest.category,category]; arguments []; default message [category]]; default message [Category is required]] [Field error in object 'bookRequest' on field 'isbn': rejected value [null]; codes [NotBlank.bookRequest.isbn,NotBlank.isbn,NotBlank.java.lang.String,NotBlank]; arguments [org.springframework.context.support.DefaultMessageSourceResolvable: codes [bookRequest.isbn,isbn]; arguments []; default message [isbn]]; default message [ISBN is required]] [Field error in object 'bookRequest' on field 'price': rejected value [null]; codes [NotNull.bookRequest.price,NotNull.price,NotNull.java.math.BigDecimal,NotNull]; arguments [org.springframework.context.support.DefaultMessageSourceResolvable: codes [bookRequest.price,price]; arguments []; default message [price]]; default message [Price is required]] ]
]]></system-out>
  </testcase>
</testsuite>